<?xml version="1.0" encoding="UTF-8"?>
<testsuite name="se.callista.microservises.support.ConfigServerApplicationTests" tests="1" skipped="0" failures="0" errors="0" timestamp="2017-11-27T01:12:54" hostname="dj-PC" time="0.008">
  <properties/>
  <testcase name="contextLoads" classname="se.callista.microservises.support.ConfigServerApplicationTests" time="0.008"/>
  <system-out><![CDATA[20:12:44.132 [Test worker] DEBUG org.springframework.test.context.junit4.SpringJUnit4ClassRunner - SpringJUnit4ClassRunner constructor called with [class se.callista.microservises.support.ConfigServerApplicationTests]
20:12:44.139 [Test worker] DEBUG org.springframework.test.context.BootstrapUtils - Instantiating CacheAwareContextLoaderDelegate from class [org.springframework.test.context.cache.DefaultCacheAwareContextLoaderDelegate]
20:12:44.146 [Test worker] DEBUG org.springframework.test.context.BootstrapUtils - Instantiating BootstrapContext using constructor [public org.springframework.test.context.support.DefaultBootstrapContext(java.lang.Class,org.springframework.test.context.CacheAwareContextLoaderDelegate)]
20:12:44.165 [Test worker] DEBUG org.springframework.test.context.BootstrapUtils - Instantiating TestContextBootstrapper for test class [se.callista.microservises.support.ConfigServerApplicationTests] from class [org.springframework.test.context.support.DefaultTestContextBootstrapper]
20:12:44.204 [Test worker] DEBUG org.springframework.test.context.support.DefaultTestContextBootstrapper - Found explicit ContextLoader class [org.springframework.boot.test.SpringApplicationContextLoader] for context configuration attributes [ContextConfigurationAttributes@24fe564f declaringClass = 'se.callista.microservises.support.ConfigServerApplicationTests', classes = '{class se.callista.microservises.support.ConfigServerApplication}', locations = '{}', inheritLocations = true, initializers = '{}', inheritInitializers = true, name = [null], contextLoaderClass = 'org.springframework.boot.test.SpringApplicationContextLoader']
20:12:44.218 [Test worker] DEBUG org.springframework.test.context.support.AbstractContextLoader - Did not detect default resource location for test class [se.callista.microservises.support.ConfigServerApplicationTests]: class path resource [se/callista/microservises/support/ConfigServerApplicationTests-context.xml] does not exist
20:12:44.219 [Test worker] DEBUG org.springframework.test.context.support.AbstractContextLoader - Did not detect default resource location for test class [se.callista.microservises.support.ConfigServerApplicationTests]: class path resource [se/callista/microservises/support/ConfigServerApplicationTestsContext.groovy] does not exist
20:12:44.220 [Test worker] INFO org.springframework.test.context.support.AbstractContextLoader - Could not detect default resource locations for test class [se.callista.microservises.support.ConfigServerApplicationTests]: no resource found for suffixes {-context.xml, Context.groovy}.
20:12:44.223 [Test worker] DEBUG org.springframework.test.context.support.ActiveProfilesUtils - Could not find an 'annotation declaring class' for annotation type [org.springframework.test.context.ActiveProfiles] and class [se.callista.microservises.support.ConfigServerApplicationTests]
20:12:44.252 [Test worker] INFO org.springframework.test.context.support.DefaultTestContextBootstrapper - Using TestExecutionListeners: [org.springframework.boot.test.IntegrationTestPropertiesListener@8628819, org.springframework.test.context.support.DirtiesContextBeforeModesTestExecutionListener@464d5eab, org.springframework.test.context.support.DependencyInjectionTestExecutionListener@2d3c865d, org.springframework.test.context.support.DirtiesContextTestExecutionListener@7901b539, org.springframework.test.context.transaction.TransactionalTestExecutionListener@653fd840, org.springframework.test.context.jdbc.SqlScriptsTestExecutionListener@492b6a4a]
20:12:44.259 [Test worker] DEBUG org.springframework.test.annotation.ProfileValueUtils - Retrieved @ProfileValueSourceConfiguration [null] for test class [se.callista.microservises.support.ConfigServerApplicationTests]
20:12:44.260 [Test worker] DEBUG org.springframework.test.annotation.ProfileValueUtils - Retrieved ProfileValueSource type [class org.springframework.test.annotation.SystemProfileValueSource] for class [se.callista.microservises.support.ConfigServerApplicationTests]
20:12:44.262 [Test worker] DEBUG org.springframework.test.annotation.ProfileValueUtils - Retrieved @ProfileValueSourceConfiguration [null] for test class [se.callista.microservises.support.ConfigServerApplicationTests]
20:12:44.262 [Test worker] DEBUG org.springframework.test.annotation.ProfileValueUtils - Retrieved ProfileValueSource type [class org.springframework.test.annotation.SystemProfileValueSource] for class [se.callista.microservises.support.ConfigServerApplicationTests]
20:12:44.268 [Test worker] DEBUG org.springframework.test.context.support.AbstractDirtiesContextTestExecutionListener - Before test class: context [DefaultTestContext@18b9e861 testClass = ConfigServerApplicationTests, testInstance = [null], testMethod = [null], testException = [null], mergedContextConfiguration = [MergedContextConfiguration@5474ca5d testClass = ConfigServerApplicationTests, locations = '{}', classes = '{class se.callista.microservises.support.ConfigServerApplication}', contextInitializerClasses = '[]', activeProfiles = '{}', propertySourceLocations = '{}', propertySourceProperties = '{}', contextLoader = 'org.springframework.boot.test.SpringApplicationContextLoader', parent = [null]]], class annotated with @DirtiesContext [false] with mode [null].
20:12:44.269 [Test worker] DEBUG org.springframework.test.annotation.ProfileValueUtils - Retrieved @ProfileValueSourceConfiguration [null] for test class [se.callista.microservises.support.ConfigServerApplicationTests]
20:12:44.270 [Test worker] DEBUG org.springframework.test.annotation.ProfileValueUtils - Retrieved ProfileValueSource type [class org.springframework.test.annotation.SystemProfileValueSource] for class [se.callista.microservises.support.ConfigServerApplicationTests]
20:12:44.274 [Test worker] DEBUG org.springframework.test.util.ReflectionTestUtils - Getting field 'mergedContextConfiguration' from target object [[DefaultTestContext@18b9e861 testClass = ConfigServerApplicationTests, testInstance = se.callista.microservises.support.ConfigServerApplicationTests@218a6c3d, testMethod = [null], testException = [null], mergedContextConfiguration = [MergedContextConfiguration@5474ca5d testClass = ConfigServerApplicationTests, locations = '{}', classes = '{class se.callista.microservises.support.ConfigServerApplication}', contextInitializerClasses = '[]', activeProfiles = '{}', propertySourceLocations = '{}', propertySourceProperties = '{}', contextLoader = 'org.springframework.boot.test.SpringApplicationContextLoader', parent = [null]]]] or target class [class org.springframework.test.context.support.DefaultTestContext]
20:12:44.276 [Test worker] DEBUG org.springframework.test.util.ReflectionTestUtils - Setting field 'propertySourceProperties' of type [null] on target object [[MergedContextConfiguration@5474ca5d testClass = ConfigServerApplicationTests, locations = '{}', classes = '{class se.callista.microservises.support.ConfigServerApplication}', contextInitializerClasses = '[]', activeProfiles = '{}', propertySourceLocations = '{}', propertySourceProperties = '{}', contextLoader = 'org.springframework.boot.test.SpringApplicationContextLoader', parent = [null]]] or target class [class org.springframework.test.context.MergedContextConfiguration] to value [[Ljava.lang.String;@6f889c44]
20:12:44.277 [Test worker] DEBUG org.springframework.test.context.support.DependencyInjectionTestExecutionListener - Performing dependency injection for test context [[DefaultTestContext@18b9e861 testClass = ConfigServerApplicationTests, testInstance = se.callista.microservises.support.ConfigServerApplicationTests@218a6c3d, testMethod = [null], testException = [null], mergedContextConfiguration = [MergedContextConfiguration@5474ca5d testClass = ConfigServerApplicationTests, locations = '{}', classes = '{class se.callista.microservises.support.ConfigServerApplication}', contextInitializerClasses = '[]', activeProfiles = '{}', propertySourceLocations = '{}', propertySourceProperties = '{server.port=0, spring.cloud.bus.enabled=false, spring.cloud.discovery.enabled=false, org.springframework.boot.test.IntegrationTest=true}', contextLoader = 'org.springframework.boot.test.SpringApplicationContextLoader', parent = [null]]]].
20:12:44.419 [Test worker] DEBUG org.springframework.core.env.StandardEnvironment - Adding [systemProperties] PropertySource with lowest search precedence
20:12:44.423 [Test worker] DEBUG org.springframework.core.env.StandardEnvironment - Adding [systemEnvironment] PropertySource with lowest search precedence
20:12:44.423 [Test worker] DEBUG org.springframework.core.env.StandardEnvironment - Initialized StandardEnvironment with PropertySources [systemProperties,systemEnvironment]
20:12:44.425 [Test worker] DEBUG org.springframework.core.env.StandardEnvironment - Adding [integrationTest] PropertySource with search precedence immediately lower than [systemEnvironment]
2017-11-26 20:12:45.125  INFO [config-server,,,] 5860 --- [    Test worker] s.c.a.AnnotationConfigApplicationContext : Refreshing org.springframework.context.annotation.AnnotationConfigApplicationContext@41fd7c67: startup date [Sun Nov 26 20:12:45 PET 2017]; root of context hierarchy
2017-11-26 20:12:45.507  INFO [config-server,,,] 5860 --- [    Test worker] f.a.AutowiredAnnotationBeanPostProcessor : JSR-330 'javax.inject.Inject' annotation found and supported for autowiring
2017-11-26 20:12:45.548  INFO [config-server,,,] 5860 --- [    Test worker] trationDelegate$BeanPostProcessorChecker : Bean 'configurationPropertiesRebinderAutoConfiguration' of type [class org.springframework.cloud.autoconfigure.ConfigurationPropertiesRebinderAutoConfiguration$$EnhancerBySpringCGLIB$$1a75138a] is not eligible for getting processed by all BeanPostProcessors (for example: not eligible for auto-proxying)

  .   ____          _            __ _ _
 /\\ / ___'_ __ _ _(_)_ __  __ _ \ \ \ \
( ( )\___ | '_ | '_| | '_ \/ _` | \ \ \ \
 \\/  ___)| |_)| | | | | || (_| |  ) ) ) )
  '  |____| .__|_| |_|_| |_\__, | / / / /
 =========|_|==============|___/=/_/_/_/
 :: Spring Boot ::        (v1.3.6.RELEASE)

2017-11-26 20:12:46.296  INFO [config-server,,,] 5860 --- [    Test worker] s.c.m.s.ConfigServerApplicationTests     : No active profile set, falling back to default profiles: default
2017-11-26 20:12:47.570  WARN [config-server,,,] 5860 --- [    Test worker] o.s.c.a.ConfigurationClassPostProcessor  : Cannot enhance @Configuration bean definition 'refreshScope' since its singleton instance has been created too early. The typical cause is a non-static @Bean method with a BeanDefinitionRegistryPostProcessor return type: Consider declaring such methods as 'static'.
2017-11-26 20:12:53.098  WARN [config-server,,,] 5860 --- [    Test worker] c.n.c.sources.URLConfigurationSource     : No URLs will be polled as dynamic configuration sources.
2017-11-26 20:12:53.107  WARN [config-server,,,] 5860 --- [    Test worker] c.n.c.sources.URLConfigurationSource     : No URLs will be polled as dynamic configuration sources.
2017-11-26 20:12:54.445  INFO [config-server,,,] 5860 --- [    Test worker] s.c.m.s.ConfigServerApplicationTests     : Started ConfigServerApplicationTests in 10.016 seconds (JVM running for 11.687)
]]></system-out>
  <system-err><![CDATA[]]></system-err>
</testsuite>
